<?xml version="1.0" encoding="UTF-8"?>
<!-- Generated by org.testng.reporters.JUnitReportReporter -->
<testsuite hostname="LTIN488096" failures="0" tests="1" name="testCases.TC_002_Validate_SubMenu" time="3.712" errors="0" timestamp="2024-04-04T11:39:49 IST" skipped="0">
  <testcase classname="testCases.TC_002_Validate_SubMenu" name="test_002" time="3.712"/>
</testsuite> <!-- testCases.TC_002_Validate_SubMenu -->
