<?xml version="1.0" encoding="UTF-8"?>
<!-- Generated by org.testng.reporters.JUnitReportReporter -->
<testsuite hostname="LTIN488096" failures="0" tests="1" name="testCases.TC_001_Validate_BookShelves" time="18.497" errors="0" timestamp="2024-04-04T11:39:49 IST" skipped="0">
  <testcase classname="testCases.TC_001_Validate_BookShelves" name="test_001" time="18.497"/>
</testsuite> <!-- testCases.TC_001_Validate_BookShelves -->
