<?xml version="1.0" encoding="UTF-8"?>
<!-- Generated by org.testng.reporters.JUnitReportReporter -->
<testsuite hostname="LTIN488096" failures="0" tests="1" name="testCases.TC_002" time="4.395" errors="0" timestamp="2024-04-03T10:46:26 IST" skipped="0">
  <testcase classname="testCases.TC_002" name="test_002" time="4.395"/>
</testsuite> <!-- testCases.TC_002 -->
