<?xml version="1.0" encoding="UTF-8"?>
<!-- Generated by org.testng.reporters.JUnitReportReporter -->
<testsuite hostname="LTIN488096" failures="0" tests="1" name="utilities.dataProvider" time="0.800" errors="0" timestamp="2024-04-04T14:10:38 IST" skipped="0">
  <testcase classname="utilities.dataProvider" name="excel" time="0.800"/>
</testsuite> <!-- utilities.dataProvider -->
