<?xml version="1.0" encoding="UTF-8"?>
<!-- Generated by org.testng.reporters.JUnitReportReporter -->
<testsuite hostname="LTIN488096" failures="0" tests="2" name="testCases.TC_001_Validate_BookShelves" time="34.391" errors="0" timestamp="2024-04-11T19:30:28 IST" skipped="0">
  <testcase classname="testCases.TC_001_Validate_BookShelves" name="test_001" time="17.388"/>
  <testcase classname="testCases.TC_001_Validate_BookShelves" name="test_001" time="17.003"/>
</testsuite> <!-- testCases.TC_001_Validate_BookShelves -->
