<?xml version="1.0" encoding="UTF-8"?>
<!-- Generated by org.testng.reporters.JUnitReportReporter -->
<testsuite hostname="LTIN488096" failures="0" tests="2" name="testCases.TC_001_Validate_BookShelves" time="36.145" errors="0" timestamp="2024-04-12T12:06:29 IST" skipped="0">
  <testcase classname="testCases.TC_001_Validate_BookShelves" name="test_001" time="18.003"/>
  <testcase classname="testCases.TC_001_Validate_BookShelves" name="test_001" time="18.142"/>
</testsuite> <!-- testCases.TC_001_Validate_BookShelves -->
