<?xml version="1.0" encoding="UTF-8"?>
<!-- Generated by org.testng.reporters.JUnitReportReporter -->
<testsuite hostname="LTIN488096" failures="0" tests="2" name="testCases.TC_002_Validate_SubMenu" time="8.141" errors="0" timestamp="2024-04-11T19:30:28 IST" skipped="0">
  <testcase classname="testCases.TC_002_Validate_SubMenu" name="test_002" time="4.181"/>
  <testcase classname="testCases.TC_002_Validate_SubMenu" name="test_002" time="3.960"/>
</testsuite> <!-- testCases.TC_002_Validate_SubMenu -->
