<?xml version="1.0" encoding="UTF-8"?>
<!-- Generated by org.testng.reporters.JUnitReportReporter -->
<testsuite hostname="LTIN488096" failures="0" tests="2" name="testCases.TC_002_Validate_SubMenu" time="8.690" errors="0" timestamp="2024-04-12T12:06:29 IST" skipped="0">
  <testcase classname="testCases.TC_002_Validate_SubMenu" name="test_002" time="4.570"/>
  <testcase classname="testCases.TC_002_Validate_SubMenu" name="test_002" time="4.120"/>
</testsuite> <!-- testCases.TC_002_Validate_SubMenu -->
